<?xml version="1.0" encoding="UTF-8"?>
<!-- Generated by org.testng.reporters.JUnitReportReporter -->
<testsuite hostname="sanjau-kumar1" failures="0" tests="6" name="testCases.TC003_LogingDDT" time="52.897" errors="0" timestamp="2025-06-23T18:44:06 IST" skipped="0">
  <testcase classname="testCases.TC003_LogingDDT" name="loginDDT" time="11.950"/>
  <testcase classname="testCases.TC003_LogingDDT" name="loginDDT" time="3.354"/>
  <testcase classname="testCases.TC003_LogingDDT" name="loginDDT" time="11.700"/>
  <testcase classname="testCases.TC003_LogingDDT" name="loginDDT" time="11.638"/>
  <testcase classname="testCases.TC003_LogingDDT" name="loginDDT" time="11.300"/>
  <testcase classname="testCases.TC003_LogingDDT" name="loginDDT" time="2.955"/>
</testsuite> <!-- testCases.TC003_LogingDDT -->
