<?xml version="1.0" encoding="UTF-8"?>
<!-- Generated by org.testng.reporters.JUnitReportReporter -->
<testsuite hostname="sanjau-kumar1" failures="0" tests="1" name="testCases.TC002_LoginTest" time="2.040" errors="0" timestamp="2025-06-25T10:53:24 IST" skipped="0">
  <testcase classname="testCases.TC002_LoginTest" name="verify_login" time="2.040"/>
</testsuite> <!-- testCases.TC002_LoginTest -->
