<?xml version="1.0" encoding="UTF-8"?>
<!-- Generated by org.testng.reporters.JUnitReportReporter -->
<testsuite hostname="sanjau-kumar1" failures="0" tests="1" name="testCases.TC005_SearchProductTestNegitiveTest" time="0.719" errors="0" timestamp="2025-06-28T12:43:07 IST" skipped="0">
  <testcase classname="testCases.TC005_SearchProductTestNegitiveTest" name="verifyProductSearchNegitive" time="0.719"/>
</testsuite> <!-- testCases.TC005_SearchProductTestNegitiveTest -->
