<?xml version="1.0" encoding="UTF-8"?>
<!-- Generated by org.testng.reporters.JUnitReportReporter -->
<testsuite hostname="sanjau-kumar1" failures="0" tests="6" name="testCases.TC003_LogingDDT" time="55.482" errors="0" timestamp="2025-06-26T12:00:49 IST" skipped="0">
  <testcase classname="testCases.TC003_LogingDDT" name="loginDDT" time="12.074"/>
  <testcase classname="testCases.TC003_LogingDDT" name="loginDDT" time="3.402"/>
  <testcase classname="testCases.TC003_LogingDDT" name="loginDDT" time="11.680"/>
  <testcase classname="testCases.TC003_LogingDDT" name="loginDDT" time="10.798"/>
  <testcase classname="testCases.TC003_LogingDDT" name="loginDDT" time="14.514"/>
  <testcase classname="testCases.TC003_LogingDDT" name="loginDDT" time="3.014"/>
</testsuite> <!-- testCases.TC003_LogingDDT -->
