<?xml version="1.0" encoding="UTF-8"?>
<!-- Generated by org.testng.reporters.JUnitReportReporter -->
<testsuite hostname="sanjau-kumar1" failures="0" tests="1" name="testCases.TC001_AccountRegistrationTest" time="2.912" errors="0" timestamp="2025-06-26T12:00:49 IST" skipped="0">
  <testcase classname="testCases.TC001_AccountRegistrationTest" name="verify_account_registration" time="2.912"/>
</testsuite> <!-- testCases.TC001_AccountRegistrationTest -->
