<?xml version="1.0" encoding="UTF-8"?>
<!-- Generated by org.testng.reporters.JUnitReportReporter -->
<testsuite hostname="sanjau-kumar1" failures="0" tests="1" name="testCases.TC001_AccountRegistrationTest" time="4.395" errors="0" timestamp="2025-06-25T10:53:24 IST" skipped="0">
  <testcase classname="testCases.TC001_AccountRegistrationTest" name="verify_account_registration" time="4.395"/>
</testsuite> <!-- testCases.TC001_AccountRegistrationTest -->
