<?xml version="1.0" encoding="UTF-8"?>
<!-- Generated by org.testng.reporters.JUnitReportReporter -->
<testsuite hostname="sanjau-kumar1" failures="0" tests="1" name="testCases.TC004_SearchProductTest" time="0.893" errors="0" timestamp="2025-06-28T12:43:07 IST" skipped="0">
  <testcase classname="testCases.TC004_SearchProductTest" name="verifyProductSearch" time="0.893"/>
</testsuite> <!-- testCases.TC004_SearchProductTest -->
