<?xml version="1.0" encoding="UTF-8"?>
<!-- Generated by org.testng.reporters.JUnitReportReporter -->
<testsuite hostname="sanjau-kumar1" failures="0" tests="1" name="testCases.TC002_LoginTest" time="2.542" errors="0" timestamp="2025-06-26T17:38:38 IST" skipped="0">
  <testcase classname="testCases.TC002_LoginTest" name="verify_login" time="2.542"/>
</testsuite> <!-- testCases.TC002_LoginTest -->
