<?xml version="1.0" encoding="UTF-8"?>
<!-- Generated by org.testng.reporters.JUnitReportReporter -->
<testsuite hostname="sanjau-kumar1" failures="0" tests="1" name="testCases.TC001_AccountRegistrationTest" time="3.587" errors="0" timestamp="2025-06-25T14:32:11 IST" skipped="0">
  <testcase classname="testCases.TC001_AccountRegistrationTest" name="verify_account_registration" time="3.587"/>
</testsuite> <!-- testCases.TC001_AccountRegistrationTest -->
