<?xml version="1.0" encoding="UTF-8"?>
<!-- Generated by org.testng.reporters.JUnitReportReporter -->
<testsuite hostname="sanjau-kumar1" failures="0" tests="6" name="testCases.TC003_LogingDDT" time="52.007" errors="0" timestamp="2025-06-26T17:38:38 IST" skipped="0">
  <testcase classname="testCases.TC003_LogingDDT" name="loginDDT" time="3.903"/>
  <testcase classname="testCases.TC003_LogingDDT" name="loginDDT" time="10.823"/>
  <testcase classname="testCases.TC003_LogingDDT" name="loginDDT" time="2.883"/>
  <testcase classname="testCases.TC003_LogingDDT" name="loginDDT" time="11.966"/>
  <testcase classname="testCases.TC003_LogingDDT" name="loginDDT" time="10.855"/>
  <testcase classname="testCases.TC003_LogingDDT" name="loginDDT" time="11.577"/>
</testsuite> <!-- testCases.TC003_LogingDDT -->
